<?xml version="1.0" encoding="UTF-8"?>
<testng-results ignored="0" total="1" passed="1" failed="0" skipped="0">
  <reporter-output>
  </reporter-output>
  <suite started-at="2025-03-08T17:10:10 IST" name="Default suite" finished-at="2025-03-08T17:10:33 IST" duration-ms="22381">
    <groups>
    </groups>
    <test started-at="2025-03-08T17:10:10 IST" name="Default test" finished-at="2025-03-08T17:10:33 IST" duration-ms="22381">
      <class name="com.MyShopV2.Tests.TC_MyAccountPageTest">
        <test-method is-config="true" signature="setUp()[pri:0, instance:com.MyShopV2.Tests.TC_MyAccountPageTest@74589991]" started-at="2025-03-08T17:10:10 IST" name="setUp" finished-at="2025-03-08T17:10:13 IST" duration-ms="2185" status="PASS">
          <reporter-output>
          </reporter-output>
        </test-method> <!-- setUp -->
        <test-method signature="verifyRegistrationAndLogin()[pri:0, instance:com.MyShopV2.Tests.TC_MyAccountPageTest@74589991]" started-at="2025-03-08T17:10:13 IST" name="verifyRegistrationAndLogin" finished-at="2025-03-08T17:10:33 IST" duration-ms="20141" status="PASS">
          <reporter-output>
          </reporter-output>
        </test-method> <!-- verifyRegistrationAndLogin -->
      </class> <!-- com.MyShopV2.Tests.TC_MyAccountPageTest -->
    </test> <!-- Default test -->
  </suite> <!-- Default suite -->
</testng-results>
