<?xml version="1.0" encoding="UTF-8"?>
<testng-results ignored="1" total="2" passed="1" failed="0" skipped="0">
  <reporter-output>
  </reporter-output>
  <suite started-at="2025-03-14T19:04:58 IST" name="Default suite" finished-at="2025-03-14T19:05:54 IST" duration-ms="55509">
    <groups>
    </groups>
    <test started-at="2025-03-14T19:04:58 IST" name="Default test" finished-at="2025-03-14T19:05:54 IST" duration-ms="55509">
      <class name="com.MyShopV2.Tests.Demo_Test">
        <test-method is-config="true" signature="setUp()[pri:0, instance:com.MyShopV2.Tests.Demo_Test@82ea68c]" started-at="2025-03-14T19:04:58 IST" name="setUp" finished-at="2025-03-14T19:05:03 IST" duration-ms="4567" status="PASS">
          <reporter-output>
          </reporter-output>
        </test-method> <!-- setUp -->
        <test-method signature="verifySearchProduct()[pri:0, instance:com.MyShopV2.Tests.Demo_Test@82ea68c]" started-at="2025-03-14T19:05:03 IST" name="verifySearchProduct" finished-at="2025-03-14T19:05:54 IST" duration-ms="50846" status="PASS">
          <reporter-output>
          </reporter-output>
        </test-method> <!-- verifySearchProduct -->
      </class> <!-- com.MyShopV2.Tests.Demo_Test -->
    </test> <!-- Default test -->
  </suite> <!-- Default suite -->
</testng-results>
