<?xml version="1.0" encoding="UTF-8"?>
<!-- Generated by org.testng.reporters.JUnitXMLReporter -->
<testsuite ignored="1" hostname="FJOSEBAB1" failures="0" tests="1" name="Default test" time="55.509" errors="0" timestamp="2025-03-14T19:05:54 IST">
  <testcase classname="com.MyShopV2.Tests.Demo_Test" name="verifySearchProduct" time="50.846"/>
  <testcase classname="com.MyShopV2.Tests.Demo_Test" name="AddFirstAddress" time="0.0">
    <ignored/>
  </testcase> <!-- AddFirstAddress -->
</testsuite> <!-- Default test -->
