<?xml version="1.0" encoding="UTF-8"?>
<!-- Generated by org.testng.reporters.JUnitXMLReporter -->
<testsuite ignored="1" hostname="FJOSEBAB1" failures="0" tests="2" name="Test" time="41.585" errors="0" timestamp="2025-03-10T23:10:00 IST">
  <testcase classname="com.MyShopV2.Tests.TC_MyAccountPageTestDataDrivenTesting" name="VerifyLogin" time="20.075"/>
  <testcase classname="com.MyShopV2.Tests.TC_MyAccountPageTestDataDrivenTesting" name="VerifyLogin" time="15.449"/>
  <testcase classname="com.MyShopV2.Tests.TC_MyAccountPageTestDataDrivenTesting" name="verifyRegistrationAndLogin" time="0.0">
    <ignored/>
  </testcase> <!-- verifyRegistrationAndLogin -->
</testsuite> <!-- Test -->
