<?xml version="1.0" encoding="UTF-8"?>
<!-- Generated by org.testng.reporters.JUnitXMLReporter -->
<testsuite ignored="0" hostname="FJOSEBAB1" failures="1" tests="1" name="Test" time="26.573" errors="0" timestamp="2025-03-07T22:32:23 IST">
  <testcase classname="com.MyShopV2.Tests.TC_MyAccountPageTest" name="verifyRegistrationAndLogin" time="23.359">
    <failure type="java.lang.NullPointerException" message="Cannot invoke &amp;quot;org.openqa.selenium.WebDriver.findElement(org.openqa.selenium.By)&amp;quot; because &amp;quot;this.driver&amp;quot; is null">
      <![CDATA[java.lang.NullPointerException: Cannot invoke "org.openqa.selenium.WebDriver.findElement(org.openqa.selenium.By)" because "this.driver" is null
at com.MyshopV2.pageObjects.AccountCreationDetails.<init>(AccountCreationDetails.java:26)
at com.MyShopV2.Tests.TC_MyAccountPageTest.verifyRegistrationAndLogin(TC_MyAccountPageTest.java:29)
at java.base/java.util.ArrayList.forEach(ArrayList.java:1596)
... Removed 25 stack frames]]>
    </failure>
  </testcase> <!-- verifyRegistrationAndLogin -->
</testsuite> <!-- Test -->
